#
# There is insufficient memory for the Java Runtime Environment to continue.
# Native memory allocation (malloc) failed to allocate 32744 bytes for ChunkPool::allocate
# Possible reasons:
#   The system is out of physical RAM or swap space
#   In 32 bit mode, the process size limit was hit
# Possible solutions:
#   Reduce memory load on the system
#   Increase physical memory or swap space
#   Check if swap backing store is full
#   Use 64 bit Java on a 64 bit OS
#   Decrease Java heap size (-Xmx/-Xms)
#   Decrease number of Java threads
#   Decrease Java thread stack sizes (-Xss)
#   Set larger code cache with -XX:ReservedCodeCacheSize=
# This output file may be truncated or incomplete.
#
#  Out of Memory Error (allocation.cpp:273), pid=9960, tid=0x000000000000523c
#
# JRE version: Java(TM) SE Runtime Environment (8.0_121-b13) (build 1.8.0_121-b13)
# Java VM: Java HotSpot(TM) 64-Bit Server VM (25.121-b13 mixed mode windows-amd64 compressed oops)
# Failed to write core dump. Minidumps are not enabled by default on client versions of Windows
#

---------------  T H R E A D  ---------------

Current thread (0x0000000017c95800):  JavaThread "C1 CompilerThread2" daemon [_thread_in_native, id=21052, stack(0x00000000194d0000,0x00000000195d0000)]

Stack: [0x00000000194d0000,0x00000000195d0000]
[error occurred during error reporting (printing stack bounds), id 0xc0000005]

Native frames: (J=compiled Java code, j=interpreted, Vv=VM code, C=native code)


Current CompileTask:
C1:   1348  691       1       java.net.URLStreamHandler::parseURL (1193 bytes)


---------------  P R O C E S S  ---------------

Java Threads: ( => current thread )
  0x0000000019f64000 JavaThread "JMX server connection timeout 17" daemon [_thread_blocked, id=1180, stack(0x000000001abd0000,0x000000001acd0000)]
  0x0000000019f54000 JavaThread "RMI TCP Connection(2)-127.0.0.1" daemon [_thread_in_native, id=19884, stack(0x000000001aad0000,0x000000001abd0000)]
  0x0000000019f4e800 JavaThread "RMI Scheduler(0)" daemon [_thread_blocked, id=18144, stack(0x000000001a9d0000,0x000000001aad0000)]
  0x0000000019f43000 JavaThread "RMI TCP Connection(1)-127.0.0.1" daemon [_thread_in_native, id=7504, stack(0x000000001a7d0000,0x000000001a8d0000)]
  0x0000000019f40800 JavaThread "RMI TCP Accept-0" daemon [_thread_in_native, id=22524, stack(0x000000001a6d0000,0x000000001a7d0000)]
  0x0000000019f32800 JavaThread "RMI TCP Accept-63514" daemon [_thread_in_native, id=16380, stack(0x000000001a5d0000,0x000000001a6d0000)]
  0x0000000019f27000 JavaThread "RMI TCP Accept-0" daemon [_thread_in_native, id=15588, stack(0x000000001a4d0000,0x000000001a5d0000)]
  0x000000001960a800 JavaThread "Service Thread" daemon [_thread_blocked, id=21460, stack(0x00000000199d0000,0x0000000019ad0000)]
=>0x0000000017c95800 JavaThread "C1 CompilerThread2" daemon [_thread_in_native, id=21052, stack(0x00000000194d0000,0x00000000195d0000)]
  0x0000000017c8d800 JavaThread "C2 CompilerThread1" daemon [_thread_blocked, id=15052, stack(0x00000000193d0000,0x00000000194d0000)]
  0x0000000017c88800 JavaThread "C2 CompilerThread0" daemon [_thread_blocked, id=15952, stack(0x00000000192d0000,0x00000000193d0000)]
  0x0000000017c87000 JavaThread "Attach Listener" daemon [_thread_blocked, id=16940, stack(0x00000000191d0000,0x00000000192d0000)]
  0x0000000017c86000 JavaThread "Signal Dispatcher" daemon [_thread_blocked, id=24532, stack(0x00000000190d0000,0x00000000191d0000)]
  0x0000000017c6c800 JavaThread "Finalizer" daemon [_thread_blocked, id=6156, stack(0x0000000018ee0000,0x0000000018fe0000)]
  0x0000000003056000 JavaThread "Reference Handler" daemon [_thread_blocked, id=18864, stack(0x0000000018de0000,0x0000000018ee0000)]
  0x0000000002f68000 JavaThread "main" [_thread_in_vm, id=15024, stack(0x0000000002dd0000,0x0000000002ed0000)]

Other Threads:
  0x0000000017c48000 VMThread [stack: 0x0000000018ce0000,0x0000000018de0000] [id=16664]
  0x0000000019f44000 WatcherThread [stack: 0x000000001a8d0000,0x000000001a9d0000] [id=10096]

VM state:not at safepoint (normal execution)

VM Mutex/Monitor currently owned by a thread: None

Heap:
 PSYoungGen      total 38400K, used 22041K [0x00000000d5580000, 0x00000000d8000000, 0x0000000100000000)
  eden space 33280K, 66% used [0x00000000d5580000,0x00000000d6b064c8,0x00000000d7600000)
  from space 5120K, 0% used [0x00000000d7b00000,0x00000000d7b00000,0x00000000d8000000)
  to   space 5120K, 0% used [0x00000000d7600000,0x00000000d7600000,0x00000000d7b00000)
 ParOldGen       total 87552K, used 0K [0x0000000080000000, 0x0000000085580000, 0x00000000d5580000)
  object space 87552K, 0% used [0x0000000080000000,0x0000000080000000,0x0000000085580000)
 Metaspace       used 9817K, capacity 10080K, committed 10368K, reserved 1064960K
  class space    used 1230K, capacity 1316K, committed 1408K, reserved 1048576K

Card table byte_map: [0x0000000012420000,0x0000000012830000] byte_map_base: 0x0000000012020000

Marking Bits: (ParMarkBitMap*) 0x0000000054b1b6d0
 Begin Bits: [0x0000000012ee0000, 0x0000000014ee0000)
 End Bits:   [0x0000000014ee0000, 0x0000000016ee0000)

Polling page: 0x0000000002d40000

CodeCache: size=245760Kb used=2113Kb max_used=2113Kb free=243646Kb
 bounds [0x0000000003060000, 0x00000000032d0000, 0x0000000012060000]
 total_blobs=1051 nmethods=690 adapters=275
 compilation: enabled

Compilation events (10 events):
Event: 1.328 Thread 0x0000000017c95800 nmethod 686 0x000000000326de10 code [0x000000000326dfa0, 0x000000000326e208]
Event: 1.328 Thread 0x0000000017c95800  687       1       sun.misc.ProxyGenerator$ConstantPool$ValueEntry::write (190 bytes)
Event: 1.330 Thread 0x0000000017c95800 nmethod 687 0x000000000326e350 code [0x000000000326e5e0, 0x000000000326eee8]
Event: 1.330 Thread 0x0000000017c95800  688       1       java.lang.StringBuilder::append (8 bytes)
Event: 1.330 Thread 0x0000000017c95800 nmethod 688 0x000000000326f550 code [0x000000000326f6a0, 0x000000000326f7e8]
Event: 1.330 Thread 0x0000000017c95800  689       1       java.lang.AbstractStringBuilder::append (62 bytes)
Event: 1.330 Thread 0x0000000017c95800 nmethod 689 0x000000000326f850 code [0x000000000326fa00, 0x000000000326fe38]
Event: 1.330 Thread 0x0000000017c95800  690       1       sun.net.www.protocol.file.Handler::parseURL (18 bytes)
Event: 1.331 Thread 0x0000000017c95800 nmethod 690 0x0000000003270190 code [0x0000000003270300, 0x0000000003270498]
Event: 1.331 Thread 0x0000000017c95800  691       1       java.net.URLStreamHandler::parseURL (1193 bytes)

GC Heap History (0 events):
No events

Deoptimization events (0 events):
No events

Internal exceptions (10 events):
Event: 0.450 Thread 0x0000000002f68000 Exception <a 'java/security/PrivilegedActionException'> (0x00000000d5800938) thrown at [C:\re\workspace\8-2-build-windows-amd64-cygwin\jdk8u121\8372\hotspot\src\share\vm\prims\jvm.cpp, line 1390]
Event: 0.450 Thread 0x0000000002f68000 Exception <a 'java/security/PrivilegedActionException'> (0x00000000d5800b48) thrown at [C:\re\workspace\8-2-build-windows-amd64-cygwin\jdk8u121\8372\hotspot\src\share\vm\prims\jvm.cpp, line 1390]
Event: 0.778 Thread 0x0000000002f68000 Exception <a 'java/lang/ClassNotFoundException': javax/management/remote/rmi/RMIJRMPServerImpl$ExportedWrapper_Stub> (0x00000000d5b3df48) thrown at [C:\re\workspace\8-2-build-windows-amd64-cygwin\jdk8u121\8372\hotspot\src\share\vm\classfile\systemDictiona
Event: 0.870 Thread 0x0000000002f68000 Exception <a 'java/lang/NoSuchFieldError': method resolution failed> (0x00000000d5c187c0) thrown at [C:\re\workspace\8-2-build-windows-amd64-cygwin\jdk8u121\8372\hotspot\src\share\vm\prims\methodHandles.cpp, line 1146]
Event: 0.875 Thread 0x0000000002f68000 Exception <a 'java/lang/NoSuchFieldError': method resolution failed> (0x00000000d5c25f90) thrown at [C:\re\workspace\8-2-build-windows-amd64-cygwin\jdk8u121\8372\hotspot\src\share\vm\prims\methodHandles.cpp, line 1146]
Event: 1.141 Thread 0x0000000019f54000 Exception <a 'java/lang/NoSuchMethodError': <clinit>> (0x00000000d6196170) thrown at [C:\re\workspace\8-2-build-windows-amd64-cygwin\jdk8u121\8372\hotspot\src\share\vm\prims\jni.cpp, line 1613]
Event: 1.147 Thread 0x0000000019f54000 Exception <a 'java/lang/ClassNotFoundException': javax/management/remote/rmi/RMIConnectionImpl_Skel> (0x00000000d619b190) thrown at [C:\re\workspace\8-2-build-windows-amd64-cygwin\jdk8u121\8372\hotspot\src\share\vm\classfile\systemDictionary.cpp, line 210
Event: 1.156 Thread 0x0000000019f54000 Exception <a 'java/lang/reflect/InvocationTargetException'> (0x00000000d61da3a0) thrown at [C:\re\workspace\8-2-build-windows-amd64-cygwin\jdk8u121\8372\hotspot\src\share\vm\runtime\reflection.cpp, line 1092]
Event: 1.159 Thread 0x0000000019f54000 Exception <a 'java/lang/NoSuchMethodError': <clinit>> (0x00000000d63edb30) thrown at [C:\re\workspace\8-2-build-windows-amd64-cygwin\jdk8u121\8372\hotspot\src\share\vm\prims\jni.cpp, line 1613]
Event: 1.181 Thread 0x0000000002f68000 Exception <a 'java/io/FileNotFoundException'> (0x00000000d64936a8) thrown at [C:\re\workspace\8-2-build-windows-amd64-cygwin\jdk8u121\8372\hotspot\src\share\vm\prims\jni.cpp, line 709]

Events (10 events):
Event: 1.333 loading class org/springframework/context/event/SmartApplicationListener
Event: 1.333 loading class org/springframework/context/event/SmartApplicationListener done
Event: 1.334 loading class org/springframework/boot/context/properties/bind/Bindable
Event: 1.334 loading class org/springframework/boot/context/properties/bind/Bindable done
Event: 1.335 loading class org/springframework/core/ResolvableType
Event: 1.335 loading class org/springframework/core/ResolvableType done
Event: 1.336 loading class org/springframework/core/ResolvableType$EmptyType
Event: 1.336 loading class org/springframework/core/ResolvableType$EmptyType done
Event: 1.337 loading class org/springframework/boot/logging/DeferredLog
Event: 1.337 loading class org/springframework/boot/logging/DeferredLog done


Dynamic libraries:
0x00007ff7a37e0000 - 0x00007ff7a3817000 	C:\Program Files\Java\jre1.8.0_121\bin\javaw.exe
0x00007fff5e210000 - 0x00007fff5e3f1000 	C:\WINDOWS\SYSTEM32\ntdll.dll
0x00007fff5d7d0000 - 0x00007fff5d882000 	C:\WINDOWS\System32\KERNEL32.DLL
0x00007fff5a900000 - 0x00007fff5ab73000 	C:\WINDOWS\System32\KERNELBASE.dll
0x00007fff5d2b0000 - 0x00007fff5d351000 	C:\WINDOWS\System32\ADVAPI32.dll
0x00007fff5b950000 - 0x00007fff5b9ee000 	C:\WINDOWS\System32\msvcrt.dll
0x00007fff5dd20000 - 0x00007fff5dd7b000 	C:\WINDOWS\System32\sechost.dll
0x00007fff5dbf0000 - 0x00007fff5dd14000 	C:\WINDOWS\System32\RPCRT4.dll
0x00007fff5d110000 - 0x00007fff5d2a0000 	C:\WINDOWS\System32\USER32.dll
0x00007fff5adc0000 - 0x00007fff5ade0000 	C:\WINDOWS\System32\win32u.dll
0x00007fff5dbc0000 - 0x00007fff5dbe8000 	C:\WINDOWS\System32\GDI32.dll
0x00007fff5a760000 - 0x00007fff5a8f2000 	C:\WINDOWS\System32\gdi32full.dll
0x00007fff5b550000 - 0x00007fff5b5ef000 	C:\WINDOWS\System32\msvcp_win.dll
0x00007fff5a5e0000 - 0x00007fff5a6da000 	C:\WINDOWS\System32\ucrtbase.dll
0x00007fff587b0000 - 0x00007fff58a19000 	C:\WINDOWS\WinSxS\amd64_microsoft.windows.common-controls_6595b64144ccf1df_6.0.17134.407_none_fb449d63306391e9\COMCTL32.dll
0x00007fff5d890000 - 0x00007fff5dbb2000 	C:\WINDOWS\System32\combase.dll
0x00007fff5a6e0000 - 0x00007fff5a75a000 	C:\WINDOWS\System32\bcryptPrimitives.dll
0x00007fff5ce30000 - 0x00007fff5ce5d000 	C:\WINDOWS\System32\IMM32.DLL
0x00007fff5a430000 - 0x00007fff5a48d000 	C:\Program Files\Citrix\System32\MfApHook64.dll
0x00007fff59d10000 - 0x00007fff59d3b000 	C:\Program Files\Citrix\ICAService\CtxDodHook64.dll
0x00007fff5a2e0000 - 0x00007fff5a312000 	C:\Program Files\Citrix\ICAService\picaFullScreenHookX64.dll
0x00007fff59cc0000 - 0x00007fff59d0e000 	C:\Program Files\Citrix\ICAService\ShellHook64.dll
0x00007fff5b9f0000 - 0x00007fff5ce2f000 	C:\WINDOWS\System32\SHELL32.dll
0x00007fff5ad70000 - 0x00007fff5adb9000 	C:\WINDOWS\System32\cfgmgr32.dll
0x00007fff5dec0000 - 0x00007fff5df69000 	C:\WINDOWS\System32\shcore.dll
0x00007fff5ade0000 - 0x00007fff5b4ed000 	C:\WINDOWS\System32\windows.storage.dll
0x00007fff5d0b0000 - 0x00007fff5d101000 	C:\WINDOWS\System32\shlwapi.dll
0x00007fff5a540000 - 0x00007fff5a551000 	C:\WINDOWS\System32\kernel.appcore.dll
0x00007fff5a520000 - 0x00007fff5a53f000 	C:\WINDOWS\System32\profapi.dll
0x00007fff5a560000 - 0x00007fff5a5ac000 	C:\WINDOWS\System32\powrprof.dll
0x00007fff5a5d0000 - 0x00007fff5a5da000 	C:\WINDOWS\System32\FLTLIB.DLL
0x00007fff59b20000 - 0x00007fff59c9c000 	C:\Program Files\Citrix\ICAService\SCardHook64.dll
0x00007fff59820000 - 0x00007fff5984a000 	C:\Program Files\Citrix\ICAService\cxinjime64.dll
0x00007fff597d0000 - 0x00007fff59818000 	C:\Program Files\Citrix\ICAService\PicaWtsHook64.dll
0x0000000053e70000 - 0x0000000053f42000 	C:\Program Files\Java\jre1.8.0_121\bin\msvcr100.dll
0x0000000054300000 - 0x0000000054b9b000 	C:\Program Files\Java\jre1.8.0_121\bin\server\jvm.dll
0x00007fff5dd90000 - 0x00007fff5dd98000 	C:\WINDOWS\System32\PSAPI.DLL
0x00007fff548e0000 - 0x00007fff54903000 	C:\WINDOWS\SYSTEM32\WINMM.dll
0x00007fff5a1d0000 - 0x00007fff5a1da000 	C:\WINDOWS\SYSTEM32\VERSION.dll
0x00007fff548b0000 - 0x00007fff548da000 	C:\WINDOWS\SYSTEM32\WINMMBASE.dll
0x00007fff510e0000 - 0x00007fff510e9000 	C:\WINDOWS\SYSTEM32\WSOCK32.dll
0x00007fff5cec0000 - 0x00007fff5cf2c000 	C:\WINDOWS\System32\ws2_32.DLL
0x0000000054210000 - 0x000000005421f000 	C:\Program Files\Java\jre1.8.0_121\bin\verify.dll
0x00000000541e0000 - 0x0000000054209000 	C:\Program Files\Java\jre1.8.0_121\bin\java.dll
0x00000000541c0000 - 0x00000000541d6000 	C:\Program Files\Java\jre1.8.0_121\bin\zip.dll
0x0000000054080000 - 0x000000005408d000 	C:\Program Files\Java\jre1.8.0_121\bin\management.dll
0x00000000541a0000 - 0x00000000541ba000 	C:\Program Files\Java\jre1.8.0_121\bin\net.dll
0x00007fff59210000 - 0x00007fff59276000 	C:\WINDOWS\system32\mswsock.dll
0x0000000054180000 - 0x0000000054191000 	C:\Program Files\Java\jre1.8.0_121\bin\nio.dll
0x00007fff4e270000 - 0x00007fff4e286000 	C:\WINDOWS\system32\napinsp.dll
0x00007fff4e290000 - 0x00007fff4e2aa000 	C:\WINDOWS\system32\pnrpnsp.dll
0x00007fff55200000 - 0x00007fff55219000 	C:\WINDOWS\system32\NLAapi.dll
0x00007fff58fd0000 - 0x00007fff5908e000 	C:\WINDOWS\SYSTEM32\DNSAPI.dll
0x00007fff5dd80000 - 0x00007fff5dd88000 	C:\WINDOWS\System32\NSI.dll
0x00007fff58f90000 - 0x00007fff58fc8000 	C:\WINDOWS\SYSTEM32\IPHLPAPI.DLL
0x00007fff4e2b0000 - 0x00007fff4e2be000 	C:\WINDOWS\System32\winrnr.dll
0x00007fff51500000 - 0x00007fff5150a000 	C:\Windows\System32\rasadhlp.dll
0x00007fff51800000 - 0x00007fff51872000 	C:\WINDOWS\System32\fwpuclnt.dll
0x00007fff59d90000 - 0x00007fff59db5000 	C:\WINDOWS\SYSTEM32\bcrypt.dll
0x00007fff59420000 - 0x00007fff59437000 	C:\WINDOWS\SYSTEM32\CRYPTSP.dll
0x00007fff58df0000 - 0x00007fff58e23000 	C:\WINDOWS\system32\rsaenh.dll
0x00007fff5a350000 - 0x00007fff5a378000 	C:\WINDOWS\SYSTEM32\USERENV.dll
0x00007fff59440000 - 0x00007fff5944b000 	C:\WINDOWS\SYSTEM32\CRYPTBASE.dll
0x00007fff517e0000 - 0x00007fff517f6000 	C:\WINDOWS\SYSTEM32\dhcpcsvc6.DLL
0x00007fff517c0000 - 0x00007fff517da000 	C:\WINDOWS\SYSTEM32\dhcpcsvc.DLL

VM Arguments:
jvm_args: -Dcom.sun.management.jmxremote -Dcom.sun.management.jmxremote.port=63514 -Dcom.sun.management.jmxremote.authenticate=false -Dcom.sun.management.jmxremote.ssl=false -Djava.rmi.server.hostname=localhost -Dspring.liveBeansView.mbeanDomain -Dspring.application.admin.enabled=true -Xverify:none -XX:TieredStopAtLevel=1 -Dfile.encoding=UTF-8 
java_command: com.moneymoney.app.RestRestserviceBankappApplication --spring.output.ansi.enabled=always
java_class_path (initial): C:\Users\jalapati\Downloads\rest-restservice-bankapp\target\classes;C:\Users\jalapati\.m2\repository\org\springframework\boot\spring-boot-starter-actuator\2.1.2.RELEASE\spring-boot-starter-actuator-2.1.2.RELEASE.jar;C:\Users\jalapati\.m2\repository\org\springframework\boot\spring-boot-starter\2.1.2.RELEASE\spring-boot-starter-2.1.2.RELEASE.jar;C:\Users\jalapati\.m2\repository\org\springframework\boot\spring-boot\2.1.2.RELEASE\spring-boot-2.1.2.RELEASE.jar;C:\Users\jalapati\.m2\repository\org\springframework\boot\spring-boot-autoconfigure\2.1.2.RELEASE\spring-boot-autoconfigure-2.1.2.RELEASE.jar;C:\Users\jalapati\.m2\repository\org\springframework\boot\spring-boot-starter-logging\2.1.2.RELEASE\spring-boot-starter-logging-2.1.2.RELEASE.jar;C:\Users\jalapati\.m2\repository\ch\qos\logback\logback-classic\1.2.3\logback-classic-1.2.3.jar;C:\Users\jalapati\.m2\repository\ch\qos\logback\logback-core\1.2.3\logback-core-1.2.3.jar;C:\Users\jalapati\.m2\repository\org\apache\logging\log4j\log4j-to-slf4j\2.11.1\log4j-to-slf4j-2.11.1.jar;C:\Users\jalapati\.m2\repository\org\apache\logging\log4j\log4j-api\2.11.1\log4j-api-2.11.1.jar;C:\Users\jalapati\.m2\repository\org\slf4j\jul-to-slf4j\1.7.25\jul-to-slf4j-1.7.25.jar;C:\Users\jalapati\.m2\repository\javax\annotation\javax.annotation-api\1.3.2\javax.annotation-api-1.3.2.jar;C:\Users\jalapati\.m2\repository\org\yaml\snakeyaml\1.23\snakeyaml-1.23.jar;C:\Users\jalapati\.m2\repository\org\springframework\boot\spring-boot-actuator-autoconfigure\2.1.2.RELEASE\spring-boot-actuator-autoconfigure-2.1.2.RELEASE.jar;C:\Users\jalapati\.m2\repository\org\springframework\boot\spring-boot-actuator\2.1.2.RELEASE\spring-boot-actuator-2.1.2.RELEASE.jar;C:\Users\jalapati\.m2\repository\org\springframework\spring-context\5.1.4.RELEASE\spring-context-5.1.4.RELEASE.jar;C:\Users\jalapati\.m2\repository\com\fasterxml\jackson\datatype\jackson-datatype-jsr310\2.9.8\jackson-datatype-jsr310-2.9.8.jar;C:\Users\jalapati\.m2\reposit
Launcher Type: SUN_STANDARD

Environment Variables:
PATH=C:/Program Files/Java/jre1.8.0_121/bin/server;C:/Program Files/Java/jre1.8.0_121/bin;C:/Program Files/Java/jre1.8.0_121/lib/amd64;C:\Python34\;C:\Python34\Scripts;C:\oraclexe\app\oracle\product\11.2.0\server\bin;C:\ProgramData\Oracle\Java\javapath;C:\WINDOWS\system32;C:\WINDOWS;C:\WINDOWS\System32\Wbem;C:\WINDOWS\System32\WindowsPowerShell\v1.0\;C:\Program Files\TortoiseSVN\bin;C:\Program Files\nodejs\;C:\Program Files\Git\cmd;C:\Program Files (x86)\Microsoft SQL Server\110\Tools\Binn\ManagementStudio\;C:\Program Files (x86)\Microsoft SQL Server\110\Tools\Binn\;C:\Program Files (x86)\Microsoft SQL Server\110\DTS\Binn\;C:\Program Files\Citrix\System32\;C:\Program Files\Citrix\ICAService\;C:\WINDOWS\System32\OpenSSH\;C:\Users\jalapati\AppData\Local\Microsoft\WindowsApps;;C:\Users\jalapati\Downloads\sts-bundle\sts-3.9.7.RELEASE;
USERNAME=jalapati
OS=Windows_NT
PROCESSOR_IDENTIFIER=Intel64 Family 15 Model 6 Stepping 1, GenuineIntel



---------------  S Y S T E M  ---------------

OS: Windows 10.0 , 64 bit Build 17134 (10.0.17134.1)

CPU:total 4 (2 cores per cpu, 1 threads per core) family 15 model 6 stepping 1, cmov, cx8, fxsr, mmx, sse, sse2, sse3, ssse3, sse4.1, sse4.2, popcnt, avx, avx2, aes, clmul, erms, rtm, 3dnowpref, lzcnt, tsc, bmi1, bmi2, adx

Memory: 4k page, physical 8388056k(1022848k free), swap 18697820k(356k free)

vm_info: Java HotSpot(TM) 64-Bit Server VM (25.121-b13) for windows-amd64 JRE (1.8.0_121-b13), built on Dec 12 2016 18:21:36 by "java_re" with MS VC++ 10.0 (VS2010)

time: Thu Jan 24 15:53:27 2019
elapsed time: 1 seconds (0d 0h 0m 1s)

